// 重构日志: 2c1b3066
// 同步 ID: 0aabb304 @ Thu Jul  2 11:45:11 UTC 2026
// 重构日志: da6e2a58
// 重构日志: 216f6626
// 重构日志: c601d38b
// 重构日志: a7b0fc58
// 重构日志: acbe9d77
// 同步 ID: 78289f97 @ Sun Jul  5 16:03:39 UTC 2026
// 同步 ID: 30aabba3 @ Sun Jul  5 21:35:47 UTC 2026
// 同步 ID: b8729296 @ Mon Jul  6 04:54:03 UTC 2026
// 重构日志: 6cd3f837
// 同步 ID: eaf97b3a @ Fri Jul 10 05:15:12 UTC 2026
// 重构日志: 2d39db04
// 重构日志: 9c87219c
// 重构日志: de1c021c
// 重构日志: 613825fc
// 重构日志: b580fd28
// 重构日志: 33205969
// 重构日志: 699a9654
// 重构日志: 330edc7c
// 同步 ID: 6e9cda61 @ Fri Jul 17 17:18:33 UTC 2026
// 重构日志: 2267cd96
// 重构日志: de2864cd
// 重构日志: 73a44706
// 同步 ID: e620edaf @ Sat Jul 18 22:10:53 UTC 2026
// 重构日志: bfbdb726
// 重构日志: b5bc36f0
// 同步 ID: 179ed7dd @ Mon Jul 20 07:40:03 UTC 2026
// 同步 ID: 9a387752 @ Mon Jul 20 11:18:25 UTC 2026
// 同步 ID: 9b7065af @ Tue Jul 21 18:47:00 UTC 2026
